[OK] GDT, TSS Initialization successful
[OK] Interrupts initialization successful
[OK] PIC Initialization successful
[INFO] MEM [0x00000000000000-0x00000000000FFF] FrameZero
[INFO] MEM [0x00000000001000-0x00000000004FFF] PageTable
[INFO] MEM [0x00000000005000-0x00000000015FFF] Bootloader
[INFO] MEM [0x00000000016000-0x00000000016FFF] BootInfo
[INFO] MEM [0x00000000017000-0x0000000001DFFF] Kernel
[INFO] MEM [0x0000000001E000-0x0000000009EFFF] KernelStack
[INFO] MEM [0x0000000009F000-0x0000000009FFFF] Reserved
[INFO] MEM [0x000000000F0000-0x000000000FFFFF] Reserved
[INFO] MEM [0x00000000100000-0x0000000027EFFF] KernelStack
[INFO] MEM [0x0000000027F000-0x000000003FFFFF] Usable
[INFO] MEM [0x00000000400000-0x000000004DDFFF] Kernel
[INFO] MEM [0x000000004DE000-0x000000008E9FFF] PageTable
[INFO] MEM [0x000000008EA000-0x00000007FDFFFF] Usable
[INFO] MEM [0x00000007FE0000-0x00000007FFFFFF] Reserved
[INFO] MEM [0x000000FFFC0000-0x000000FFFFFFFF] Reserved
[INFO] MEM [0x0000FD00000000-0x0000FFFFFFFFFF] Reserved
[INFO] MEMORY 12713920 KB
[OK] Memory manager initialization sucessful
[OK] Kernel heap succesful initialization
[INFO] AuthenticAMD QEMU Virtual CPU version 2.5+ (None)
